Build started 10/15/2016 9:08:26 AM.
     1>Project "C:\Users\sjeff\Desktop\Shannon school stuff\cs 162\Lab3\Lab3\Lab3.vcxproj" on node 2 (Build target(s)).
     1>ClCompile:
         C:\Program Files (x86)\Microsoft Visual Studio 14.0\VC\bin\CL.exe /c /ZI /nologo /W3 /WX- /sdl /Od /Oy- /D _MBCS /Gm /EHsc /RTC1 /MDd /GS /fp:precise /Zc:wchar_t /Zc:forScope /Zc:inline /Fo"Debug\\" /Fd"Debug\vc140.pdb" /Gd /TP /analyze- /errorReport:prompt Die.cpp Game.cpp Menu.cpp main.cpp
         main.cpp
         Menu.cpp
         Game.cpp
     1>c:\users\sjeff\desktop\shannon school stuff\cs 162\lab3\lab3\game.cpp(19): warning C4244: '=': conversion from 'time_t' to 'unsigned int', possible loss of data
         Die.cpp
     1>c:\users\sjeff\desktop\shannon school stuff\cs 162\lab3\lab3\die.cpp(11): warning C4101: 'numberRolled': unreferenced local variable
     1>c:\users\sjeff\desktop\shannon school stuff\cs 162\lab3\lab3\die.cpp(19): warning C4800: 'int': forcing value to bool 'true' or 'false' (performance warning)
         Generating Code...
       Link:
         C:\Program Files (x86)\Microsoft Visual Studio 14.0\VC\bin\link.exe /ERRORREPORT:PROMPT /OUT:"C:\Users\sjeff\Desktop\Shannon school stuff\cs 162\Lab3\Debug\Lab3.exe" /INCREMENTAL /NOLOGO kernel32.lib user32.lib gdi32.lib winspool.lib comdlg32.lib advapi32.lib shell32.lib ole32.lib oleaut32.lib uuid.lib odbc32.lib odbccp32.lib /MANIFEST /MANIFESTUAC:"level='asInvoker' uiAccess='false'" /manifest:embed /Debug /PDB:"C:\Users\sjeff\Desktop\Shannon school stuff\cs 162\Lab3\Debug\Lab3.pdb" /TLBID:1 /DYNAMICBASE /NXCOMPAT /IMPLIB:"C:\Users\sjeff\Desktop\Shannon school stuff\cs 162\Lab3\Debug\Lab3.lib" /MACHINE:X86 Debug\Die.obj
         Debug\Game.obj
         Debug\main.obj
         Debug\Menu.obj
         Lab3.vcxproj -> C:\Users\sjeff\Desktop\Shannon school stuff\cs 162\Lab3\Debug\Lab3.exe
     1>Done Building Project "C:\Users\sjeff\Desktop\Shannon school stuff\cs 162\Lab3\Lab3\Lab3.vcxproj" (Build target(s)).

Build succeeded.

Time Elapsed 00:00:01.49
